<?xml version="1.0" encoding="UTF-8"?>
<testsuite xmlns:xsi="http://www.w3.org/2001/XMLSchema-instance" xsi:noNamespaceSchemaLocation="https://maven.apache.org/surefire/maven-surefire-plugin/xsd/surefire-test-report-3.0.xsd" version="3.0" name="TestSuite" time="132.792" tests="11" errors="0" skipped="0" failures="0">
  <properties>
    <property name="sun.desktop" value="windows"/>
    <property name="awt.toolkit" value="sun.awt.windows.WToolkit"/>
    <property name="java.specification.version" value="11"/>
    <property name="webdriver.chrome.driver" value="C:\Selenium\chromedriver.exe"/>
    <property name="sun.cpu.isalist" value="amd64"/>
    <property name="sun.jnu.encoding" value="Cp1252"/>
    <property name="java.class.path" value="C:\Users\Mrunal\eclipse-workspace\Hybrid\target\test-classes;C:\Users\Mrunal\eclipse-workspace\Hybrid\target\classes;C:\Users\Mrunal\.m2\repository\org\seleniumhq\selenium\selenium-java\3.141.59\selenium-java-3.141.59.jar;C:\Users\Mrunal\.m2\repository\org\seleniumhq\selenium\selenium-api\3.141.59\selenium-api-3.141.59.jar;C:\Users\Mrunal\.m2\repository\org\seleniumhq\selenium\selenium-chrome-driver\3.141.59\selenium-chrome-driver-3.141.59.jar;C:\Users\Mrunal\.m2\repository\org\seleniumhq\selenium\selenium-edge-driver\3.141.59\selenium-edge-driver-3.141.59.jar;C:\Users\Mrunal\.m2\repository\org\seleniumhq\selenium\selenium-firefox-driver\3.141.59\selenium-firefox-driver-3.141.59.jar;C:\Users\Mrunal\.m2\repository\org\seleniumhq\selenium\selenium-ie-driver\3.141.59\selenium-ie-driver-3.141.59.jar;C:\Users\Mrunal\.m2\repository\org\seleniumhq\selenium\selenium-opera-driver\3.141.59\selenium-opera-driver-3.141.59.jar;C:\Users\Mrunal\.m2\repository\org\seleniumhq\selenium\selenium-remote-driver\3.141.59\selenium-remote-driver-3.141.59.jar;C:\Users\Mrunal\.m2\repository\org\seleniumhq\selenium\selenium-safari-driver\3.141.59\selenium-safari-driver-3.141.59.jar;C:\Users\Mrunal\.m2\repository\org\seleniumhq\selenium\selenium-support\3.141.59\selenium-support-3.141.59.jar;C:\Users\Mrunal\.m2\repository\net\bytebuddy\byte-buddy\1.8.15\byte-buddy-1.8.15.jar;C:\Users\Mrunal\.m2\repository\org\apache\commons\commons-exec\1.3\commons-exec-1.3.jar;C:\Users\Mrunal\.m2\repository\com\google\guava\guava\25.0-jre\guava-25.0-jre.jar;C:\Users\Mrunal\.m2\repository\com\google\code\findbugs\jsr305\1.3.9\jsr305-1.3.9.jar;C:\Users\Mrunal\.m2\repository\org\checkerframework\checker-compat-qual\2.0.0\checker-compat-qual-2.0.0.jar;C:\Users\Mrunal\.m2\repository\com\google\errorprone\error_prone_annotations\2.1.3\error_prone_annotations-2.1.3.jar;C:\Users\Mrunal\.m2\repository\com\google\j2objc\j2objc-annotations\1.1\j2objc-annotations-1.1.jar;C:\Users\Mrunal\.m2\repository\org\codehaus\mojo\animal-sniffer-annotations\1.14\animal-sniffer-annotations-1.14.jar;C:\Users\Mrunal\.m2\repository\com\squareup\okhttp3\okhttp\3.11.0\okhttp-3.11.0.jar;C:\Users\Mrunal\.m2\repository\com\squareup\okio\okio\1.14.0\okio-1.14.0.jar;C:\Users\Mrunal\.m2\repository\org\testng\testng\7.1.0\testng-7.1.0.jar;C:\Users\Mrunal\.m2\repository\com\beust\jcommander\1.72\jcommander-1.72.jar;C:\Users\Mrunal\.m2\repository\com\google\inject\guice\4.1.0\guice-4.1.0-no_aop.jar;C:\Users\Mrunal\.m2\repository\javax\inject\javax.inject\1\javax.inject-1.jar;C:\Users\Mrunal\.m2\repository\aopalliance\aopalliance\1.0\aopalliance-1.0.jar;C:\Users\Mrunal\.m2\repository\org\yaml\snakeyaml\1.21\snakeyaml-1.21.jar;C:\Users\Mrunal\.m2\repository\org\apache\logging\log4j\log4j-api\2.14.1\log4j-api-2.14.1.jar;C:\Users\Mrunal\.m2\repository\org\apache\logging\log4j\log4j-core\2.14.1\log4j-core-2.14.1.jar;C:\Users\Mrunal\.m2\repository\com\relevantcodes\extentreports\2.40.2\extentreports-2.40.2.jar;C:\Users\Mrunal\.m2\repository\org\jsoup\jsoup\1.8.3\jsoup-1.8.3.jar;C:\Users\Mrunal\.m2\repository\org\xerial\sqlite-jdbc\3.8.11.1\sqlite-jdbc-3.8.11.1.jar;C:\Users\Mrunal\.m2\repository\org\freemarker\freemarker\2.3.23\freemarker-2.3.23.jar;C:\Users\Mrunal\.m2\repository\org\apache\poi\poi-ooxml\4.1.2\poi-ooxml-4.1.2.jar;C:\Users\Mrunal\.m2\repository\org\apache\poi\poi-ooxml-schemas\4.1.2\poi-ooxml-schemas-4.1.2.jar;C:\Users\Mrunal\.m2\repository\org\apache\xmlbeans\xmlbeans\3.1.0\xmlbeans-3.1.0.jar;C:\Users\Mrunal\.m2\repository\org\apache\commons\commons-compress\1.19\commons-compress-1.19.jar;C:\Users\Mrunal\.m2\repository\com\github\virtuald\curvesapi\1.06\curvesapi-1.06.jar;C:\Users\Mrunal\.m2\repository\org\apache\poi\poi\4.1.2\poi-4.1.2.jar;C:\Users\Mrunal\.m2\repository\commons-codec\commons-codec\1.13\commons-codec-1.13.jar;C:\Users\Mrunal\.m2\repository\org\apache\commons\commons-collections4\4.4\commons-collections4-4.4.jar;C:\Users\Mrunal\.m2\repository\org\apache\commons\commons-math3\3.6.1\commons-math3-3.6.1.jar;C:\Users\Mrunal\.m2\repository\com\zaxxer\SparseBitSet\1.2\SparseBitSet-1.2.jar;C:\Users\Mrunal\.m2\repository\org\apache\maven\shared\maven-shared-utils\3.3.4\maven-shared-utils-3.3.4.jar;C:\Users\Mrunal\.m2\repository\commons-io\commons-io\2.6\commons-io-2.6.jar;"/>
    <property name="java.vm.vendor" value="Oracle Corporation"/>
    <property name="sun.arch.data.model" value="64"/>
    <property name="user.variant" value=""/>
    <property name="java.vendor.url" value="https://openjdk.java.net/"/>
    <property name="user.timezone" value="Asia/Calcutta"/>
    <property name="java.vm.specification.version" value="11"/>
    <property name="os.name" value="Windows 10"/>
    <property name="sun.java.launcher" value="SUN_STANDARD"/>
    <property name="user.country" value="IN"/>
    <property name="sun.boot.library.path" value="C:\Program Files\Java\jdk-11.0.12\bin"/>
    <property name="sun.java.command" value="C:\Users\Mrunal\AppData\Local\Temp\surefire9151886475319231872\surefirebooter12037773589897242909.jar C:\Users\Mrunal\AppData\Local\Temp\surefire9151886475319231872 2021-09-27T13-58-59_114-jvmRun1 surefire521541237997207025tmp surefire_03480903406199647489tmp"/>
    <property name="jdk.debug" value="release"/>
    <property name="surefire.test.class.path" value="C:\Users\Mrunal\eclipse-workspace\Hybrid\target\test-classes;C:\Users\Mrunal\eclipse-workspace\Hybrid\target\classes;C:\Users\Mrunal\.m2\repository\org\seleniumhq\selenium\selenium-java\3.141.59\selenium-java-3.141.59.jar;C:\Users\Mrunal\.m2\repository\org\seleniumhq\selenium\selenium-api\3.141.59\selenium-api-3.141.59.jar;C:\Users\Mrunal\.m2\repository\org\seleniumhq\selenium\selenium-chrome-driver\3.141.59\selenium-chrome-driver-3.141.59.jar;C:\Users\Mrunal\.m2\repository\org\seleniumhq\selenium\selenium-edge-driver\3.141.59\selenium-edge-driver-3.141.59.jar;C:\Users\Mrunal\.m2\repository\org\seleniumhq\selenium\selenium-firefox-driver\3.141.59\selenium-firefox-driver-3.141.59.jar;C:\Users\Mrunal\.m2\repository\org\seleniumhq\selenium\selenium-ie-driver\3.141.59\selenium-ie-driver-3.141.59.jar;C:\Users\Mrunal\.m2\repository\org\seleniumhq\selenium\selenium-opera-driver\3.141.59\selenium-opera-driver-3.141.59.jar;C:\Users\Mrunal\.m2\repository\org\seleniumhq\selenium\selenium-remote-driver\3.141.59\selenium-remote-driver-3.141.59.jar;C:\Users\Mrunal\.m2\repository\org\seleniumhq\selenium\selenium-safari-driver\3.141.59\selenium-safari-driver-3.141.59.jar;C:\Users\Mrunal\.m2\repository\org\seleniumhq\selenium\selenium-support\3.141.59\selenium-support-3.141.59.jar;C:\Users\Mrunal\.m2\repository\net\bytebuddy\byte-buddy\1.8.15\byte-buddy-1.8.15.jar;C:\Users\Mrunal\.m2\repository\org\apache\commons\commons-exec\1.3\commons-exec-1.3.jar;C:\Users\Mrunal\.m2\repository\com\google\guava\guava\25.0-jre\guava-25.0-jre.jar;C:\Users\Mrunal\.m2\repository\com\google\code\findbugs\jsr305\1.3.9\jsr305-1.3.9.jar;C:\Users\Mrunal\.m2\repository\org\checkerframework\checker-compat-qual\2.0.0\checker-compat-qual-2.0.0.jar;C:\Users\Mrunal\.m2\repository\com\google\errorprone\error_prone_annotations\2.1.3\error_prone_annotations-2.1.3.jar;C:\Users\Mrunal\.m2\repository\com\google\j2objc\j2objc-annotations\1.1\j2objc-annotations-1.1.jar;C:\Users\Mrunal\.m2\repository\org\codehaus\mojo\animal-sniffer-annotations\1.14\animal-sniffer-annotations-1.14.jar;C:\Users\Mrunal\.m2\repository\com\squareup\okhttp3\okhttp\3.11.0\okhttp-3.11.0.jar;C:\Users\Mrunal\.m2\repository\com\squareup\okio\okio\1.14.0\okio-1.14.0.jar;C:\Users\Mrunal\.m2\repository\org\testng\testng\7.1.0\testng-7.1.0.jar;C:\Users\Mrunal\.m2\repository\com\beust\jcommander\1.72\jcommander-1.72.jar;C:\Users\Mrunal\.m2\repository\com\google\inject\guice\4.1.0\guice-4.1.0-no_aop.jar;C:\Users\Mrunal\.m2\repository\javax\inject\javax.inject\1\javax.inject-1.jar;C:\Users\Mrunal\.m2\repository\aopalliance\aopalliance\1.0\aopalliance-1.0.jar;C:\Users\Mrunal\.m2\repository\org\yaml\snakeyaml\1.21\snakeyaml-1.21.jar;C:\Users\Mrunal\.m2\repository\org\apache\logging\log4j\log4j-api\2.14.1\log4j-api-2.14.1.jar;C:\Users\Mrunal\.m2\repository\org\apache\logging\log4j\log4j-core\2.14.1\log4j-core-2.14.1.jar;C:\Users\Mrunal\.m2\repository\com\relevantcodes\extentreports\2.40.2\extentreports-2.40.2.jar;C:\Users\Mrunal\.m2\repository\org\jsoup\jsoup\1.8.3\jsoup-1.8.3.jar;C:\Users\Mrunal\.m2\repository\org\xerial\sqlite-jdbc\3.8.11.1\sqlite-jdbc-3.8.11.1.jar;C:\Users\Mrunal\.m2\repository\org\freemarker\freemarker\2.3.23\freemarker-2.3.23.jar;C:\Users\Mrunal\.m2\repository\org\apache\poi\poi-ooxml\4.1.2\poi-ooxml-4.1.2.jar;C:\Users\Mrunal\.m2\repository\org\apache\poi\poi-ooxml-schemas\4.1.2\poi-ooxml-schemas-4.1.2.jar;C:\Users\Mrunal\.m2\repository\org\apache\xmlbeans\xmlbeans\3.1.0\xmlbeans-3.1.0.jar;C:\Users\Mrunal\.m2\repository\org\apache\commons\commons-compress\1.19\commons-compress-1.19.jar;C:\Users\Mrunal\.m2\repository\com\github\virtuald\curvesapi\1.06\curvesapi-1.06.jar;C:\Users\Mrunal\.m2\repository\org\apache\poi\poi\4.1.2\poi-4.1.2.jar;C:\Users\Mrunal\.m2\repository\commons-codec\commons-codec\1.13\commons-codec-1.13.jar;C:\Users\Mrunal\.m2\repository\org\apache\commons\commons-collections4\4.4\commons-collections4-4.4.jar;C:\Users\Mrunal\.m2\repository\org\apache\commons\commons-math3\3.6.1\commons-math3-3.6.1.jar;C:\Users\Mrunal\.m2\repository\com\zaxxer\SparseBitSet\1.2\SparseBitSet-1.2.jar;C:\Users\Mrunal\.m2\repository\org\apache\maven\shared\maven-shared-utils\3.3.4\maven-shared-utils-3.3.4.jar;C:\Users\Mrunal\.m2\repository\commons-io\commons-io\2.6\commons-io-2.6.jar;"/>
    <property name="sun.cpu.endian" value="little"/>
    <property name="user.home" value="C:\Users\Mrunal"/>
    <property name="user.language" value="en"/>
    <property name="java.specification.vendor" value="Oracle Corporation"/>
    <property name="java.version.date" value="2021-07-20"/>
    <property name="java.home" value="C:\Program Files\Java\jdk-11.0.12"/>
    <property name="file.separator" value="\"/>
    <property name="basedir" value="C:\Users\Mrunal\eclipse-workspace\Hybrid"/>
    <property name="java.vm.compressedOopsMode" value="32-bit"/>
    <property name="line.separator" value="&#10;"/>
    <property name="java.specification.name" value="Java Platform API Specification"/>
    <property name="java.vm.specification.vendor" value="Oracle Corporation"/>
    <property name="java.awt.graphicsenv" value="sun.awt.Win32GraphicsEnvironment"/>
    <property name="surefire.real.class.path" value="C:\Users\Mrunal\AppData\Local\Temp\surefire9151886475319231872\surefirebooter12037773589897242909.jar"/>
    <property name="user.script" value=""/>
    <property name="sun.management.compiler" value="HotSpot 64-Bit Tiered Compilers"/>
    <property name="java.runtime.version" value="11.0.12+8-LTS-237"/>
    <property name="user.name" value="Mrunal"/>
    <property name="path.separator" value=";"/>
    <property name="os.version" value="10.0"/>
    <property name="java.runtime.name" value="Java(TM) SE Runtime Environment"/>
    <property name="file.encoding" value="Cp1252"/>
    <property name="java.vm.name" value="Java HotSpot(TM) 64-Bit Server VM"/>
    <property name="java.vendor.version" value="18.9"/>
    <property name="localRepository" value="C:\Users\Mrunal\.m2\repository"/>
    <property name="java.vendor.url.bug" value="https://bugreport.java.com/bugreport/"/>
    <property name="java.io.tmpdir" value="C:\Users\Mrunal\AppData\Local\Temp\"/>
    <property name="java.version" value="11.0.12"/>
    <property name="user.dir" value="C:\Users\Mrunal\eclipse-workspace\Hybrid"/>
    <property name="os.arch" value="amd64"/>
    <property name="java.vm.specification.name" value="Java Virtual Machine Specification"/>
    <property name="java.awt.printerjob" value="sun.awt.windows.WPrinterJob"/>
    <property name="sun.os.patch.level" value=""/>
    <property name="java.library.path" value="C:\Program Files\Java\jdk-11.0.12\bin;C:\WINDOWS\Sun\Java\bin;C:\WINDOWS\system32;C:\WINDOWS;C:\Program Files\Java\jdk-11.0.12\bin;C:\Program Files\Java\jdk1.8.0_301\bin;C:\Program Files\Java\jdk-15.0.1\bin;C:\Program Files\Common Files\Oracle\Java\javapath;C:\Program Files (x86)\Common Files\Oracle\Java\javapath;C:\Windows\system32;C:\Windows;C:\Windows\System32\Wbem;C:\Windows\System32\WindowsPowerShell\v1.0\;C:\Windows\System32\OpenSSH\;C:\Program Files (x86)\NVIDIA Corporation\PhysX\Common;C:\Program Files\NVIDIA Corporation\NVIDIA NvDLISR;C:\WINDOWS\system32;C:\WINDOWS;C:\WINDOWS\System32\Wbem;C:\WINDOWS\System32\WindowsPowerShell\v1.0\;C:\WINDOWS\System32\OpenSSH\;C:\Program Files\mingw-w64\x86_64-8.1.0-posix-seh-rt_v6-rev0\mingw64\bin;C:\Program Files\Git\cmd;C:\Program Files (x86)\Notepad++;C:\Program Files\Perforce\;C:\Program Files\apache-maven-3.8.2\bin;C:\Users\Mrunal\AppData\Local\Android\Sdk\tools\bin;C:\Users\Mrunal\AppData\Local\Android\Sdk\tools;C:\Users\Mrunal\AppData\Local\Android\Sdk\platform-tools;C:\Program Files\nodejs\;C:\Program Files\nodejs\node_modules\npm\bin;C:\Users\Mrunal\Desktop\axis2-1.6.2\bin;C:\Program Files\MySQL\MySQL Shell 8.0\bin\;C:\Users\Mrunal\AppData\Local\Programs\Python\Python38\Scripts\;C:\Users\Mrunal\AppData\Local\Programs\Python\Python38\;C:\Users\Mrunal\AppData\Local\Microsoft\WindowsApps;;C:\Users\Mrunal\AppData\Local\Programs\Microsoft VS Code\bin;C:\Users\Mrunal\AppData\Roaming\npm;."/>
    <property name="java.vendor" value="Oracle Corporation"/>
    <property name="java.vm.info" value="mixed mode"/>
    <property name="java.vm.version" value="11.0.12+8-LTS-237"/>
    <property name="sun.io.unicode.encoding" value="UnicodeLittle"/>
    <property name="java.class.version" value="55.0"/>
  </properties>
  <testcase name="login[datatesting288@gmail.com, Testing@288](1)" classname="Test.TC001" time="14.846">
    <system-out><![CDATA[2021-09-27 13:59:00,619 main DEBUG Apache Log4j Core 2.14.1 initializing configuration XmlConfiguration[location=C:\Users\Mrunal\eclipse-workspace\Hybrid\target\classes\log4j2.xml]
2021-09-27 13:59:00,625 main DEBUG Installed 1 script engine
2021-09-27 13:59:00,832 main DEBUG Oracle Nashorn version: 11.0.12, language: ECMAScript, threading: Not Thread Safe, compile: true, names: [nashorn, Nashorn, js, JS, JavaScript, javascript, ECMAScript, ecmascript], factory class: jdk.nashorn.api.scripting.NashornScriptEngineFactory
2021-09-27 13:59:00,832 main DEBUG PluginManager 'Core' found 122 plugins
2021-09-27 13:59:00,832 main DEBUG PluginManager 'Level' found 0 plugins
2021-09-27 13:59:00,836 main DEBUG Building Plugin[name=property, class=org.apache.logging.log4j.core.config.Property].
2021-09-27 13:59:00,845 main TRACE TypeConverterRegistry initializing.
2021-09-27 13:59:00,845 main DEBUG PluginManager 'TypeConverter' found 26 plugins
2021-09-27 13:59:00,851 main DEBUG createProperty(name="basePath", value="./logs")
2021-09-27 13:59:00,851 main DEBUG Building Plugin[name=properties, class=org.apache.logging.log4j.core.config.PropertiesPlugin].
2021-09-27 13:59:00,855 main DEBUG configureSubstitutor(={basePath=./logs}, Configuration(C:\Users\Mrunal\eclipse-workspace\Hybrid\target\classes\log4j2.xml))
2021-09-27 13:59:00,855 main DEBUG PluginManager 'Lookup' found 16 plugins
2021-09-27 13:59:00,855 main DEBUG Building Plugin[name=layout, class=org.apache.logging.log4j.core.layout.PatternLayout].
2021-09-27 13:59:00,859 main DEBUG PatternLayout$Builder(pattern="%d{HH:mm:ss.SSS} [%t] %-5level %logger{36} - %msg%n", PatternSelector=null, Configuration(C:\Users\Mrunal\eclipse-workspace\Hybrid\target\classes\log4j2.xml), Replace=null, charset="null", alwaysWriteExceptions="null", disableAnsi="null", noConsoleNoAnsi="null", header="null", footer="null")
2021-09-27 13:59:00,859 main DEBUG PluginManager 'Converter' found 44 plugins
2021-09-27 13:59:00,860 main DEBUG Building Plugin[name=SizeBasedTriggeringPolicy, class=org.apache.logging.log4j.core.appender.rolling.SizeBasedTriggeringPolicy].
2021-09-27 13:59:00,861 main DEBUG createPolicy(size="10000")
2021-09-27 13:59:00,863 main DEBUG Building Plugin[name=appender, class=org.apache.logging.log4j.core.appender.RollingFileAppender].
2021-09-27 13:59:00,868 main DEBUG RollingFileAppender$Builder(fileName="./logs/prints.log", filePattern="./logs/prints-%d{yyyy-MM-dd}.log", append="null", locking="null", SizeBasedTriggeringPolicy(SizeBasedTriggeringPolicy(size=10000)), Strategy=null, advertise="null", advertiseUri="null", createOnDemand="null", filePermissions="null", fileOwner="null", fileGroup="null", bufferedIo="null", bufferSize="null", immediateFlush="null", ignoreExceptions="null", PatternLayout(%d{HH:mm:ss.SSS} [%t] %-5level %logger{36} - %msg%n), name="File", Configuration(C:\Users\Mrunal\eclipse-workspace\Hybrid\target\classes\log4j2.xml), Filter=null, ={})
2021-09-27 13:59:00,875 main TRACE New file './logs/prints.log' created = true
2021-09-27 13:59:00,878 main DEBUG Returning file creation time for C:\Users\Mrunal\eclipse-workspace\Hybrid\.\logs\prints.log
2021-09-27 13:59:00,879 main DEBUG Starting RollingFileManager ./logs/prints.log
2021-09-27 13:59:00,880 main DEBUG PluginManager 'FileConverter' found 2 plugins
2021-09-27 13:59:00,892 main DEBUG Setting prev file time to 2021-09-27T13:59:00.875+0530
2021-09-27 13:59:00,892 main DEBUG Initializing triggering policy SizeBasedTriggeringPolicy(size=10000)
2021-09-27 13:59:00,892 main DEBUG Building Plugin[name=layout, class=org.apache.logging.log4j.core.layout.PatternLayout].
2021-09-27 13:59:00,893 main DEBUG PatternLayout$Builder(pattern="%d{HH:mm:ss.SSS} [%t] %-5level %logger{36} - %msg%n", PatternSelector=null, Configuration(C:\Users\Mrunal\eclipse-workspace\Hybrid\target\classes\log4j2.xml), Replace=null, charset="null", alwaysWriteExceptions="null", disableAnsi="null", noConsoleNoAnsi="null", header="null", footer="null")
2021-09-27 13:59:00,893 main DEBUG Building Plugin[name=appender, class=org.apache.logging.log4j.core.appender.ConsoleAppender].
2021-09-27 13:59:00,895 main DEBUG ConsoleAppender$Builder(target="SYSTEM_OUT", follow="null", direct="null", bufferedIo="null", bufferSize="null", immediateFlush="null", ignoreExceptions="null", PatternLayout(%d{HH:mm:ss.SSS} [%t] %-5level %logger{36} - %msg%n), name="Console", Configuration(C:\Users\Mrunal\eclipse-workspace\Hybrid\target\classes\log4j2.xml), Filter=null, ={})
2021-09-27 13:59:00,897 main DEBUG Starting OutputStreamManager SYSTEM_OUT.false.false
2021-09-27 13:59:00,897 main DEBUG Building Plugin[name=appenders, class=org.apache.logging.log4j.core.config.AppendersPlugin].
2021-09-27 13:59:00,897 main DEBUG createAppenders(={File, Console})
2021-09-27 13:59:00,897 main DEBUG Building Plugin[name=AppenderRef, class=org.apache.logging.log4j.core.config.AppenderRef].
2021-09-27 13:59:00,898 main DEBUG createAppenderRef(ref="File", level="null", Filter=null)
2021-09-27 13:59:00,898 main DEBUG Building Plugin[name=logger, class=org.apache.logging.log4j.core.config.LoggerConfig].
2021-09-27 13:59:00,900 main DEBUG createLogger(additivity="false", level="INFO", name="Test.BookShelf", includeLocation="null", ={File}, ={}, Configuration(C:\Users\Mrunal\eclipse-workspace\Hybrid\target\classes\log4j2.xml), Filter=null)
2021-09-27 13:59:00,902 main DEBUG Building Plugin[name=AppenderRef, class=org.apache.logging.log4j.core.config.AppenderRef].
2021-09-27 13:59:00,902 main DEBUG createAppenderRef(ref="File", level="null", Filter=null)
2021-09-27 13:59:00,903 main DEBUG Building Plugin[name=logger, class=org.apache.logging.log4j.core.config.LoggerConfig].
2021-09-27 13:59:00,904 main DEBUG createLogger(additivity="false", level="INFO", name="Test.Cart", includeLocation="null", ={File}, ={}, Configuration(C:\Users\Mrunal\eclipse-workspace\Hybrid\target\classes\log4j2.xml), Filter=null)
2021-09-27 13:59:00,904 main DEBUG Building Plugin[name=AppenderRef, class=org.apache.logging.log4j.core.config.AppenderRef].
2021-09-27 13:59:00,905 main DEBUG createAppenderRef(ref="File", level="null", Filter=null)
2021-09-27 13:59:00,905 main DEBUG Building Plugin[name=logger, class=org.apache.logging.log4j.core.config.LoggerConfig].
2021-09-27 13:59:00,906 main DEBUG createLogger(additivity="false", level="INFO", name="Test.DoubleBed", includeLocation="null", ={File}, ={}, Configuration(C:\Users\Mrunal\eclipse-workspace\Hybrid\target\classes\log4j2.xml), Filter=null)
2021-09-27 13:59:00,906 main DEBUG Building Plugin[name=AppenderRef, class=org.apache.logging.log4j.core.config.AppenderRef].
2021-09-27 13:59:00,906 main DEBUG createAppenderRef(ref="File", level="null", Filter=null)
2021-09-27 13:59:00,906 main DEBUG Building Plugin[name=logger, class=org.apache.logging.log4j.core.config.LoggerConfig].
2021-09-27 13:59:00,907 main DEBUG createLogger(additivity="false", level="INFO", name="Test.GamingChair", includeLocation="null", ={File}, ={}, Configuration(C:\Users\Mrunal\eclipse-workspace\Hybrid\target\classes\log4j2.xml), Filter=null)
2021-09-27 13:59:00,907 main DEBUG Building Plugin[name=AppenderRef, class=org.apache.logging.log4j.core.config.AppenderRef].
2021-09-27 13:59:00,908 main DEBUG createAppenderRef(ref="File", level="null", Filter=null)
2021-09-27 13:59:00,908 main DEBUG Building Plugin[name=logger, class=org.apache.logging.log4j.core.config.LoggerConfig].
2021-09-27 13:59:00,909 main DEBUG createLogger(additivity="false", level="INFO", name="Test.KidsBookShelf", includeLocation="null", ={File}, ={}, Configuration(C:\Users\Mrunal\eclipse-workspace\Hybrid\target\classes\log4j2.xml), Filter=null)
2021-09-27 13:59:00,909 main DEBUG Building Plugin[name=AppenderRef, class=org.apache.logging.log4j.core.config.AppenderRef].
2021-09-27 13:59:00,909 main DEBUG createAppenderRef(ref="File", level="null", Filter=null)
2021-09-27 13:59:00,910 main DEBUG Building Plugin[name=logger, class=org.apache.logging.log4j.core.config.LoggerConfig].
2021-09-27 13:59:00,910 main DEBUG createLogger(additivity="false", level="INFO", name="Test.Login", includeLocation="null", ={File}, ={}, Configuration(C:\Users\Mrunal\eclipse-workspace\Hybrid\target\classes\log4j2.xml), Filter=null)
2021-09-27 13:59:00,910 main DEBUG Building Plugin[name=AppenderRef, class=org.apache.logging.log4j.core.config.AppenderRef].
2021-09-27 13:59:00,911 main DEBUG createAppenderRef(ref="File", level="null", Filter=null)
2021-09-27 13:59:00,911 main DEBUG Building Plugin[name=logger, class=org.apache.logging.log4j.core.config.LoggerConfig].
2021-09-27 13:59:00,912 main DEBUG createLogger(additivity="false", level="INFO", name="Test.Navigate", includeLocation="null", ={File}, ={}, Configuration(C:\Users\Mrunal\eclipse-workspace\Hybrid\target\classes\log4j2.xml), Filter=null)
2021-09-27 13:59:00,912 main DEBUG Building Plugin[name=AppenderRef, class=org.apache.logging.log4j.core.config.AppenderRef].
2021-09-27 13:59:00,912 main DEBUG createAppenderRef(ref="File", level="null", Filter=null)
2021-09-27 13:59:00,912 main DEBUG Building Plugin[name=logger, class=org.apache.logging.log4j.core.config.LoggerConfig].
2021-09-27 13:59:00,913 main DEBUG createLogger(additivity="false", level="INFO", name="Test.Stores", includeLocation="null", ={File}, ={}, Configuration(C:\Users\Mrunal\eclipse-workspace\Hybrid\target\classes\log4j2.xml), Filter=null)
2021-09-27 13:59:00,913 main DEBUG Building Plugin[name=AppenderRef, class=org.apache.logging.log4j.core.config.AppenderRef].
2021-09-27 13:59:00,914 main DEBUG createAppenderRef(ref="File", level="null", Filter=null)
2021-09-27 13:59:00,914 main DEBUG Building Plugin[name=logger, class=org.apache.logging.log4j.core.config.LoggerConfig].
2021-09-27 13:59:00,914 main DEBUG createLogger(additivity="false", level="INFO", name="Test.WishList", includeLocation="null", ={File}, ={}, Configuration(C:\Users\Mrunal\eclipse-workspace\Hybrid\target\classes\log4j2.xml), Filter=null)
2021-09-27 13:59:00,915 main DEBUG Building Plugin[name=AppenderRef, class=org.apache.logging.log4j.core.config.AppenderRef].
2021-09-27 13:59:00,915 main DEBUG createAppenderRef(ref="File", level="null", Filter=null)
2021-09-27 13:59:00,915 main DEBUG Building Plugin[name=logger, class=org.apache.logging.log4j.core.config.LoggerConfig].
2021-09-27 13:59:00,916 main DEBUG createLogger(additivity="false", level="INFO", name="Test.WoodenSofa", includeLocation="null", ={File}, ={}, Configuration(C:\Users\Mrunal\eclipse-workspace\Hybrid\target\classes\log4j2.xml), Filter=null)
2021-09-27 13:59:00,916 main DEBUG Building Plugin[name=loggers, class=org.apache.logging.log4j.core.config.LoggersPlugin].
2021-09-27 13:59:00,916 main DEBUG createLoggers(={Test.BookShelf, Test.Cart, Test.DoubleBed, Test.GamingChair, Test.KidsBookShelf, Test.Login, Test.Navigate, Test.Stores, Test.WishList, Test.WoodenSofa})
2021-09-27 13:59:00,917 main WARN No Root logger was configured, creating default ERROR-level Root logger with Console appender
2021-09-27 13:59:00,917 main DEBUG Starting OutputStreamManager SYSTEM_OUT.false.false-2
2021-09-27 13:59:00,918 main DEBUG Configuration XmlConfiguration[location=C:\Users\Mrunal\eclipse-workspace\Hybrid\target\classes\log4j2.xml] initialized
2021-09-27 13:59:00,918 main DEBUG Starting configuration XmlConfiguration[location=C:\Users\Mrunal\eclipse-workspace\Hybrid\target\classes\log4j2.xml]
2021-09-27 13:59:00,918 main DEBUG Started configuration XmlConfiguration[location=C:\Users\Mrunal\eclipse-workspace\Hybrid\target\classes\log4j2.xml] OK.
2021-09-27 13:59:00,919 main TRACE Stopping org.apache.logging.log4j.core.config.DefaultConfiguration@1349883...
2021-09-27 13:59:00,919 main TRACE DefaultConfiguration notified 1 ReliabilityStrategies that config will be stopped.
2021-09-27 13:59:00,919 main TRACE DefaultConfiguration stopping root LoggerConfig.
2021-09-27 13:59:00,919 main TRACE DefaultConfiguration notifying ReliabilityStrategies that appenders will be stopped.
2021-09-27 13:59:00,919 main TRACE DefaultConfiguration stopping remaining Appenders.
2021-09-27 13:59:00,920 main DEBUG Shutting down OutputStreamManager SYSTEM_OUT.false.false-1
2021-09-27 13:59:00,920 main DEBUG OutputStream closed
2021-09-27 13:59:00,920 main DEBUG Shut down OutputStreamManager SYSTEM_OUT.false.false-1, all resources released: true
2021-09-27 13:59:00,920 main DEBUG Appender DefaultConsole-1 stopped with status true
2021-09-27 13:59:00,920 main TRACE DefaultConfiguration stopped 1 remaining Appenders.
2021-09-27 13:59:00,920 main TRACE DefaultConfiguration cleaning Appenders from 1 LoggerConfigs.
2021-09-27 13:59:00,921 main DEBUG Stopped org.apache.logging.log4j.core.config.DefaultConfiguration@1349883 OK
2021-09-27 13:59:00,968 main TRACE Reregistering MBeans after reconfigure. Selector=org.apache.logging.log4j.core.selector.ClassLoaderContextSelector@180e6ac4
2021-09-27 13:59:00,969 main TRACE Reregistering context (1/1): '2cdf8d8a' org.apache.logging.log4j.core.LoggerContext@42b64ab8
2021-09-27 13:59:00,969 main TRACE Unregistering but no MBeans found matching 'org.apache.logging.log4j2:type=2cdf8d8a'
2021-09-27 13:59:00,969 main TRACE Unregistering but no MBeans found matching 'org.apache.logging.log4j2:type=2cdf8d8a,component=StatusLogger'
2021-09-27 13:59:00,969 main TRACE Unregistering but no MBeans found matching 'org.apache.logging.log4j2:type=2cdf8d8a,component=ContextSelector'
2021-09-27 13:59:00,970 main TRACE Unregistering but no MBeans found matching 'org.apache.logging.log4j2:type=2cdf8d8a,component=Loggers,name=*'
2021-09-27 13:59:00,970 main TRACE Unregistering but no MBeans found matching 'org.apache.logging.log4j2:type=2cdf8d8a,component=Appenders,name=*'
2021-09-27 13:59:00,970 main TRACE Unregistering but no MBeans found matching 'org.apache.logging.log4j2:type=2cdf8d8a,component=AsyncAppenders,name=*'
2021-09-27 13:59:00,970 main TRACE Unregistering but no MBeans found matching 'org.apache.logging.log4j2:type=2cdf8d8a,component=AsyncLoggerRingBuffer'
2021-09-27 13:59:00,971 main TRACE Unregistering but no MBeans found matching 'org.apache.logging.log4j2:type=2cdf8d8a,component=Loggers,name=*,subtype=RingBuffer'
2021-09-27 13:59:00,972 main DEBUG Registering MBean org.apache.logging.log4j2:type=2cdf8d8a
2021-09-27 13:59:00,975 main DEBUG Registering MBean org.apache.logging.log4j2:type=2cdf8d8a,component=StatusLogger
2021-09-27 13:59:00,976 main DEBUG Registering MBean org.apache.logging.log4j2:type=2cdf8d8a,component=ContextSelector
2021-09-27 13:59:00,976 main DEBUG Registering MBean org.apache.logging.log4j2:type=2cdf8d8a,component=Loggers,name=Test.GamingChair
2021-09-27 13:59:00,977 main DEBUG Registering MBean org.apache.logging.log4j2:type=2cdf8d8a,component=Loggers,name=Test.Navigate
2021-09-27 13:59:00,977 main DEBUG Registering MBean org.apache.logging.log4j2:type=2cdf8d8a,component=Loggers,name=Test.WishList
2021-09-27 13:59:00,977 main DEBUG Registering MBean org.apache.logging.log4j2:type=2cdf8d8a,component=Loggers,name=Test.BookShelf
2021-09-27 13:59:00,978 main DEBUG Registering MBean org.apache.logging.log4j2:type=2cdf8d8a,component=Loggers,name=Test.DoubleBed
2021-09-27 13:59:00,978 main DEBUG Registering MBean org.apache.logging.log4j2:type=2cdf8d8a,component=Loggers,name=Test.Login
2021-09-27 13:59:00,978 main DEBUG Registering MBean org.apache.logging.log4j2:type=2cdf8d8a,component=Loggers,name=Test.Stores
2021-09-27 13:59:00,978 main DEBUG Registering MBean org.apache.logging.log4j2:type=2cdf8d8a,component=Loggers,name=Test.WoodenSofa
2021-09-27 13:59:00,978 main DEBUG Registering MBean org.apache.logging.log4j2:type=2cdf8d8a,component=Loggers,name=Test.Cart
2021-09-27 13:59:00,979 main DEBUG Registering MBean org.apache.logging.log4j2:type=2cdf8d8a,component=Loggers,name=Test.KidsBookShelf
2021-09-27 13:59:00,979 main DEBUG Registering MBean org.apache.logging.log4j2:type=2cdf8d8a,component=Appenders,name=Console
2021-09-27 13:59:00,980 main DEBUG Registering MBean org.apache.logging.log4j2:type=2cdf8d8a,component=Appenders,name=DefaultConsole-2
2021-09-27 13:59:00,980 main DEBUG Registering MBean org.apache.logging.log4j2:type=2cdf8d8a,component=Appenders,name=File
2021-09-27 13:59:00,981 main TRACE Using default SystemClock for timestamps.
2021-09-27 13:59:00,981 main DEBUG org.apache.logging.log4j.core.util.SystemClock supports precise timestamps.
2021-09-27 13:59:00,982 main TRACE Using DummyNanoClock for nanosecond timestamps.
2021-09-27 13:59:00,982 main DEBUG Reconfiguration complete for context[name=2cdf8d8a] at URI C:\Users\Mrunal\eclipse-workspace\Hybrid\target\classes\log4j2.xml (org.apache.logging.log4j.core.LoggerContext@42b64ab8) with optional ClassLoader: null
2021-09-27 13:59:00,982 main DEBUG Shutdown hook enabled. Registering a new one.
2021-09-27 13:59:00,983 main DEBUG LoggerContext[name=2cdf8d8a, org.apache.logging.log4j.core.LoggerContext@42b64ab8] started OK.
]]></system-out>
    <system-err><![CDATA[Warning: Nashorn engine is planned to be removed from a future JDK release
Starting ChromeDriver 94.0.4606.41 (333e85df3c9b656b518b5f1add5ff246365b6c24-refs/branch-heads/4606@{#845}) on port 41110
Only local connections are allowed.
Please see https://chromedriver.chromium.org/security-considerations for suggestions on keeping ChromeDriver safe.
ChromeDriver was started successfully.
Sep 27, 2021 1:59:03 PM org.openqa.selenium.remote.ProtocolHandshake createSession
INFO: Detected dialect: W3C
]]></system-err>
  </testcase>
  <testcase name="login[invalidusername@gmail.com, Testing](2)" classname="Test.TC001" time="14.76">
    <system-err><![CDATA[Starting ChromeDriver 94.0.4606.41 (333e85df3c9b656b518b5f1add5ff246365b6c24-refs/branch-heads/4606@{#845}) on port 5546
Only local connections are allowed.
Please see https://chromedriver.chromium.org/security-considerations for suggestions on keeping ChromeDriver safe.
ChromeDriver was started successfully.
Sep 27, 2021 1:59:17 PM org.openqa.selenium.remote.ProtocolHandshake createSession
INFO: Detected dialect: W3C
]]></system-err>
  </testcase>
  <testcase name="wishlist" classname="Test.TC002" time="18.735">
    <system-err><![CDATA[Starting ChromeDriver 94.0.4606.41 (333e85df3c9b656b518b5f1add5ff246365b6c24-refs/branch-heads/4606@{#845}) on port 45677
Only local connections are allowed.
Please see https://chromedriver.chromium.org/security-considerations for suggestions on keeping ChromeDriver safe.
ChromeDriver was started successfully.
Sep 27, 2021 1:59:32 PM org.openqa.selenium.remote.ProtocolHandshake createSession
INFO: Detected dialect: W3C
]]></system-err>
  </testcase>
  <testcase name="addtocart" classname="Test.TC003" time="15.028">
    <system-err><![CDATA[Starting ChromeDriver 94.0.4606.41 (333e85df3c9b656b518b5f1add5ff246365b6c24-refs/branch-heads/4606@{#845}) on port 24592
Only local connections are allowed.
Please see https://chromedriver.chromium.org/security-considerations for suggestions on keeping ChromeDriver safe.
ChromeDriver was started successfully.
Sep 27, 2021 1:59:50 PM org.openqa.selenium.remote.ProtocolHandshake createSession
INFO: Detected dialect: W3C
]]></system-err>
  </testcase>
  <testcase name="bookshelf" classname="Test.TC004" time="11.246">
    <system-err><![CDATA[Starting ChromeDriver 94.0.4606.41 (333e85df3c9b656b518b5f1add5ff246365b6c24-refs/branch-heads/4606@{#845}) on port 5569
Only local connections are allowed.
Please see https://chromedriver.chromium.org/security-considerations for suggestions on keeping ChromeDriver safe.
ChromeDriver was started successfully.
Sep 27, 2021 2:00:06 PM org.openqa.selenium.remote.ProtocolHandshake createSession
INFO: Detected dialect: W3C
]]></system-err>
  </testcase>
  <testcase name="doublebed" classname="Test.TC005" time="13.668">
    <system-err><![CDATA[Starting ChromeDriver 94.0.4606.41 (333e85df3c9b656b518b5f1add5ff246365b6c24-refs/branch-heads/4606@{#845}) on port 44741
Only local connections are allowed.
Please see https://chromedriver.chromium.org/security-considerations for suggestions on keeping ChromeDriver safe.
ChromeDriver was started successfully.
Sep 27, 2021 2:00:17 PM org.openqa.selenium.remote.ProtocolHandshake createSession
INFO: Detected dialect: W3C
]]></system-err>
  </testcase>
  <testcase name="gamingChair" classname="Test.TC006" time="6.644">
    <system-err><![CDATA[Starting ChromeDriver 94.0.4606.41 (333e85df3c9b656b518b5f1add5ff246365b6c24-refs/branch-heads/4606@{#845}) on port 38910
Only local connections are allowed.
Please see https://chromedriver.chromium.org/security-considerations for suggestions on keeping ChromeDriver safe.
ChromeDriver was started successfully.
Sep 27, 2021 2:00:30 PM org.openqa.selenium.remote.ProtocolHandshake createSession
INFO: Detected dialect: W3C
]]></system-err>
  </testcase>
  <testcase name="stores" classname="Test.TC007" time="6.913">
    <system-err><![CDATA[Starting ChromeDriver 94.0.4606.41 (333e85df3c9b656b518b5f1add5ff246365b6c24-refs/branch-heads/4606@{#845}) on port 39624
Only local connections are allowed.
Please see https://chromedriver.chromium.org/security-considerations for suggestions on keeping ChromeDriver safe.
ChromeDriver was started successfully.
Sep 27, 2021 2:00:37 PM org.openqa.selenium.remote.ProtocolHandshake createSession
INFO: Detected dialect: W3C
]]></system-err>
  </testcase>
  <testcase name="woodenSofa" classname="Test.TC008" time="10.632">
    <system-err><![CDATA[Starting ChromeDriver 94.0.4606.41 (333e85df3c9b656b518b5f1add5ff246365b6c24-refs/branch-heads/4606@{#845}) on port 20870
Only local connections are allowed.
Please see https://chromedriver.chromium.org/security-considerations for suggestions on keeping ChromeDriver safe.
ChromeDriver was started successfully.
Sep 27, 2021 2:00:44 PM org.openqa.selenium.remote.ProtocolHandshake createSession
INFO: Detected dialect: W3C
]]></system-err>
  </testcase>
  <testcase name="navigate" classname="Test.TC009" time="10.98">
    <system-err><![CDATA[Starting ChromeDriver 94.0.4606.41 (333e85df3c9b656b518b5f1add5ff246365b6c24-refs/branch-heads/4606@{#845}) on port 2554
Only local connections are allowed.
Please see https://chromedriver.chromium.org/security-considerations for suggestions on keeping ChromeDriver safe.
ChromeDriver was started successfully.
Sep 27, 2021 2:00:55 PM org.openqa.selenium.remote.ProtocolHandshake createSession
INFO: Detected dialect: W3C
]]></system-err>
  </testcase>
  <testcase name="kidsbookShelf" classname="Test.TC010" time="7.35">
    <system-err><![CDATA[Starting ChromeDriver 94.0.4606.41 (333e85df3c9b656b518b5f1add5ff246365b6c24-refs/branch-heads/4606@{#845}) on port 48965
Only local connections are allowed.
Please see https://chromedriver.chromium.org/security-considerations for suggestions on keeping ChromeDriver safe.
ChromeDriver was started successfully.
Sep 27, 2021 2:01:06 PM org.openqa.selenium.remote.ProtocolHandshake createSession
INFO: Detected dialect: W3C
]]></system-err>
  </testcase>
</testsuite>