<?xml version="1.0" encoding="UTF-8"?>
<!-- Generated by org.testng.reporters.JUnitReportReporter -->
<testsuite hostname="LAPTOP-A4GKCSC0" failures="0" tests="1" name="Test.DoubleBed" time="13.661" errors="0" timestamp="2021-09-27T13:18:14 IST" skipped="0">
  <testcase classname="Test.DoubleBed" name="doublebed" time="13.661"/>
  <system-out/>
</testsuite> <!-- Test.DoubleBed -->
