<?xml version="1.0" encoding="UTF-8"?>
<!-- Generated by org.testng.reporters.JUnitReportReporter -->
<testsuite hostname="LAPTOP-A4GKCSC0" failures="0" tests="2" name="Test.TC001" time="30.227" errors="0" timestamp="2021-09-30T08:39:26 IST" skipped="0">
  <testcase classname="Test.TC001" name="login" time="15.086"/>
  <system-out/>
  <testcase classname="Test.TC001" name="login" time="15.141"/>
  <system-out/>
</testsuite> <!-- Test.TC001 -->
