<?xml version="1.0" encoding="UTF-8"?>
<!-- Generated by org.testng.reporters.JUnitReportReporter -->
<testsuite hostname="LAPTOP-A4GKCSC0" failures="0" tests="1" name="Test.urbanLadder" time="12.787" errors="0" timestamp="2021-09-22T15:43:25 IST" skipped="0">
  <testcase classname="Test.urbanLadder" name="woodenSofa" time="12.787"/>
  <system-out/>
</testsuite> <!-- Test.urbanLadder -->
