<?xml version="1.0" encoding="UTF-8"?>
<!-- Generated by org.testng.reporters.JUnitReportReporter -->
<testsuite hostname="LAPTOP-A4GKCSC0" failures="0" tests="1" name="Test.TC006" time="6.609" errors="0" timestamp="2021-09-30T08:39:26 IST" skipped="0">
  <testcase classname="Test.TC006" name="gamingChair" time="6.609"/>
  <system-out/>
</testsuite> <!-- Test.TC006 -->
