<?xml version="1.0" encoding="UTF-8"?>
<!-- Generated by org.testng.reporters.JUnitReportReporter -->
<testsuite hostname="LAPTOP-A4GKCSC0" failures="0" tests="1" name="Test.TC008" time="13.772" errors="0" timestamp="2021-09-27T14:13:22 IST" skipped="0">
  <testcase classname="Test.TC008" name="woodenSofa" time="13.772"/>
  <system-out/>
</testsuite> <!-- Test.TC008 -->
