<?xml version="1.0" encoding="UTF-8"?>
<!-- Generated by org.testng.reporters.JUnitReportReporter -->
<testsuite hostname="LAPTOP-A4GKCSC0" failures="0" tests="1" name="Test.CustomerStories" time="6.525" errors="0" timestamp="2021-09-24T09:41:55 IST" skipped="0">
  <testcase classname="Test.CustomerStories" name="customerStories" time="6.525"/>
  <system-out/>
</testsuite> <!-- Test.CustomerStories -->
