<?xml version="1.0" encoding="UTF-8"?>
<!-- Generated by org.testng.reporters.JUnitReportReporter -->
<testsuite hostname="LAPTOP-A4GKCSC0" failures="0" tests="2" name="Test.TC001" time="30.351" errors="0" timestamp="2021-09-27T14:13:22 IST" skipped="0">
  <testcase classname="Test.TC001" name="login" time="15.814"/>
  <system-out/>
  <testcase classname="Test.TC001" name="login" time="14.537"/>
  <system-out/>
</testsuite> <!-- Test.TC001 -->
