<?xml version="1.0" encoding="UTF-8"?>
<!-- Generated by org.testng.reporters.JUnitReportReporter -->
<testsuite hostname="LAPTOP-A4GKCSC0" failures="0" tests="2" name="Test.Login" time="28.751" errors="0" timestamp="2021-09-27T13:18:14 IST" skipped="0">
  <testcase classname="Test.Login" name="login" time="14.308"/>
  <system-out/>
  <testcase classname="Test.Login" name="login" time="14.443"/>
  <system-out/>
</testsuite> <!-- Test.Login -->
