<?xml version="1.0" encoding="UTF-8"?>
<!-- Generated by org.testng.reporters.JUnitReportReporter -->
<testsuite hostname="LAPTOP-A4GKCSC0" failures="0" tests="1" name="Test.KidsBookShelf" time="7.271" errors="0" timestamp="2021-09-27T13:18:14 IST" skipped="0">
  <testcase classname="Test.KidsBookShelf" name="kidsbookShelf" time="7.271"/>
  <system-out/>
</testsuite> <!-- Test.KidsBookShelf -->
