<?xml version="1.0" encoding="UTF-8"?>
<!-- Generated by org.testng.reporters.JUnitReportReporter -->
<testsuite hostname="LAPTOP-A4GKCSC0" failures="0" tests="1" name="Test.TC008" time="13.254" errors="0" timestamp="2021-09-30T08:39:26 IST" skipped="0">
  <testcase classname="Test.TC008" name="woodenSofa" time="13.254"/>
  <system-out/>
</testsuite> <!-- Test.TC008 -->
