<?xml version="1.0" encoding="UTF-8"?>
<!-- Generated by org.testng.reporters.JUnitReportReporter -->
<testsuite hostname="LAPTOP-A4GKCSC0" failures="0" tests="1" name="Test.TC007" time="6.912" errors="0" timestamp="2021-09-27T14:01:12 IST" skipped="0">
  <testcase classname="Test.TC007" name="stores" time="6.912"/>
  <system-out/>
</testsuite> <!-- Test.TC007 -->
