<?xml version="1.0" encoding="UTF-8"?>
<!-- Generated by org.testng.reporters.JUnitReportReporter -->
<testsuite hostname="LAPTOP-A4GKCSC0" failures="0" tests="1" name="Test.TC004" time="11.245" errors="0" timestamp="2021-09-27T14:01:12 IST" skipped="0">
  <testcase classname="Test.TC004" name="bookshelf" time="11.245"/>
  <system-out/>
</testsuite> <!-- Test.TC004 -->
