<?xml version="1.0" encoding="UTF-8"?>
<!-- Generated by org.testng.reporters.JUnitReportReporter -->
<testsuite hostname="LAPTOP-A4GKCSC0" failures="0" tests="2" name="Test.TC001" time="29.722" errors="0" timestamp="2021-09-27T14:01:12 IST" skipped="0">
  <testcase classname="Test.TC001" name="login" time="14.762"/>
  <system-out/>
  <testcase classname="Test.TC001" name="login" time="14.960"/>
  <system-out/>
</testsuite> <!-- Test.TC001 -->
